<?xml version="1.0" encoding="UTF-8"?>
<!-- Generated by org.testng.reporters.JUnitReportReporter -->
<testsuite skipped="0" hostname="MDs-MacBook-Air.home" name="tests.FbSignUp" tests="1" failures="0" timestamp="2019-10-18T20:51:57 EDT" time="11.215" errors="0">
  <testcase name="Signup" time="11.215" classname="tests.FbSignUp"/>
</testsuite> <!-- tests.FbSignUp -->
