<?xml version="1.0" encoding="UTF-8"?>
<!-- Generated by org.testng.reporters.JUnitReportReporter -->
<testsuite skipped="0" hostname="MDs-MacBook-Air.fios-router.home" name="tests.FbSignUp" tests="1" failures="0" timestamp="2019-10-16T00:16:29 EDT" time="8.187" errors="0">
  <testcase name="Signup" time="8.187" classname="tests.FbSignUp"/>
</testsuite> <!-- tests.FbSignUp -->
