<?xml version="1.0" encoding="UTF-8"?>
<!-- Generated by org.testng.reporters.JUnitReportReporter -->
<testsuite skipped="0" hostname="MDs-MacBook-Air.fios-router.home" name="tests.FbSignUp" tests="1" failures="0" timestamp="2019-10-19T23:53:57 EDT" time="12.431" errors="0">
  <testcase name="Signup" time="12.431" classname="tests.FbSignUp"/>
</testsuite> <!-- tests.FbSignUp -->
