<?xml version="1.0" encoding="UTF-8"?>
<!-- Generated by org.testng.reporters.JUnitReportReporter -->
<testsuite skipped="0" hostname="MDs-MacBook-Air.fios-router.home" name="tests.FbHomePageTest" tests="3" failures="0" timestamp="2019-10-16T00:16:29 EDT" time="16.295" errors="0">
  <testcase name="linkTest01" time="6.010" classname="tests.FbHomePageTest"/>
  <testcase name="FbURLvarify" time="4.880" classname="tests.FbHomePageTest"/>
  <testcase name="tilleTest" time="5.405" classname="tests.FbHomePageTest"/>
</testsuite> <!-- tests.FbHomePageTest -->
