<?xml version="1.0" encoding="UTF-8"?>
<!-- Generated by org.testng.reporters.JUnitReportReporter -->
<testsuite skipped="0" hostname="MDs-MacBook-Air.home" name="tests.FbHomePageTest" tests="3" failures="0" timestamp="2019-10-18T22:10:17 EDT" time="14.478" errors="0">
  <testcase name="linkTest01" time="5.702" classname="tests.FbHomePageTest"/>
  <testcase name="FbURLvarify" time="3.643" classname="tests.FbHomePageTest"/>
  <testcase name="tilleTest" time="5.133" classname="tests.FbHomePageTest"/>
</testsuite> <!-- tests.FbHomePageTest -->
