<?xml version="1.0" encoding="UTF-8"?>
<!-- Generated by org.testng.reporters.JUnitReportReporter -->
<testsuite skipped="0" hostname="MDs-MacBook-Air.home" name="tests.FbHomePageTest" tests="3" failures="0" timestamp="2019-10-20T13:01:56 EDT" time="12.677" errors="0">
  <testcase name="linkTest01" time="3.615" classname="tests.FbHomePageTest"/>
  <testcase name="FbURLvarify" time="4.460" classname="tests.FbHomePageTest"/>
  <testcase name="tilleTest" time="4.602" classname="tests.FbHomePageTest"/>
</testsuite> <!-- tests.FbHomePageTest -->
