<?xml version="1.0" encoding="UTF-8"?>
<!-- Generated by org.testng.reporters.JUnitReportReporter -->
<testsuite skipped="0" hostname="MDs-MacBook-Air.fios-router.home" name="tests.FbSignIn" tests="1" failures="0" timestamp="2019-10-20T04:56:39 EDT" time="9.566" errors="0">
  <testcase name="SNwithvalidinfo" time="9.566" classname="tests.FbSignIn"/>
</testsuite> <!-- tests.FbSignIn -->
