<?xml version="1.0" encoding="UTF-8"?>
<!-- Generated by org.testng.reporters.JUnitReportReporter -->
<testsuite skipped="0" hostname="MDs-MacBook-Air.fios-router.home" name="tests.FbHomePageTest" tests="2" failures="0" timestamp="2019-10-15T23:49:14 EDT" time="11.746" errors="0">
  <testcase name="FbURLvarify" time="5.582" classname="tests.FbHomePageTest"/>
  <testcase name="tilleTest" time="6.164" classname="tests.FbHomePageTest"/>
</testsuite> <!-- tests.FbHomePageTest -->
