<?xml version="1.0" encoding="UTF-8"?>
<!-- Generated by org.testng.reporters.JUnitReportReporter -->
<testsuite skipped="0" hostname="MDs-MacBook-Air.fios-router.home" name="tests.FbHomePageTest" tests="3" failures="0" timestamp="2019-10-20T04:56:39 EDT" time="15.089" errors="0">
  <testcase name="linkTest01" time="5.086" classname="tests.FbHomePageTest"/>
  <testcase name="FbURLvarify" time="4.841" classname="tests.FbHomePageTest"/>
  <testcase name="tilleTest" time="5.162" classname="tests.FbHomePageTest"/>
</testsuite> <!-- tests.FbHomePageTest -->
