<?xml version="1.0" encoding="UTF-8"?>
<!-- Generated by org.testng.reporters.JUnitReportReporter -->
<testsuite skipped="0" hostname="MDs-MacBook-Air.fios-router.home" name="tests.FbSignUp" tests="1" failures="0" timestamp="2019-10-20T04:56:39 EDT" time="6.032" errors="0">
  <testcase name="Signup" time="6.032" classname="tests.FbSignUp"/>
</testsuite> <!-- tests.FbSignUp -->
