<?xml version="1.0" encoding="UTF-8"?>
<!-- Generated by org.testng.reporters.JUnitReportReporter -->
<testsuite skipped="0" hostname="MDs-MacBook-Air.fios-router.home" name="tests.FbHomePageTest" tests="3" failures="0" timestamp="2019-10-20T18:07:04 EDT" time="15.291" errors="0">
  <testcase name="linkTest01" time="4.667" classname="tests.FbHomePageTest"/>
  <testcase name="FbURLvarify" time="4.974" classname="tests.FbHomePageTest"/>
  <testcase name="tilleTest" time="5.650" classname="tests.FbHomePageTest"/>
</testsuite> <!-- tests.FbHomePageTest -->
