<?xml version="1.0" encoding="UTF-8"?>
<!-- Generated by org.testng.reporters.JUnitReportReporter -->
<testsuite skipped="0" hostname="MDs-MacBook-Air.home" name="tests.FbSignIn" tests="1" failures="0" timestamp="2019-10-18T22:10:17 EDT" time="14.458" errors="0">
  <testcase name="SNwithvalidinfo" time="14.458" classname="tests.FbSignIn"/>
</testsuite> <!-- tests.FbSignIn -->
