<?xml version="1.0" encoding="UTF-8"?>
<!-- Generated by org.testng.reporters.JUnitReportReporter -->
<testsuite skipped="0" hostname="MDs-MacBook-Air.home" name="tests.FbSignUp" tests="1" failures="0" timestamp="2019-10-18T22:10:17 EDT" time="8.019" errors="0">
  <testcase name="Signup" time="8.019" classname="tests.FbSignUp"/>
</testsuite> <!-- tests.FbSignUp -->
