<?xml version="1.0" encoding="UTF-8"?>
<!-- Generated by org.testng.reporters.JUnitReportReporter -->
<testsuite skipped="0" hostname="MDs-MacBook-Air.fios-router.home" name="tests.FbSignIn" tests="1" failures="0" timestamp="2019-10-16T00:16:29 EDT" time="14.380" errors="0">
  <testcase name="SNwithvalidinfo" time="14.380" classname="tests.FbSignIn"/>
</testsuite> <!-- tests.FbSignIn -->
