<?xml version="1.0" encoding="UTF-8"?>
<!-- Generated by org.testng.reporters.JUnitReportReporter -->
<testsuite skipped="0" hostname="MDs-MacBook-Air.home" name="tests.FbHomePageTest" tests="3" failures="0" timestamp="2019-10-18T20:51:57 EDT" time="16.736" errors="0">
  <testcase name="linkTest01" time="5.548" classname="tests.FbHomePageTest"/>
  <testcase name="FbURLvarify" time="5.601" classname="tests.FbHomePageTest"/>
  <testcase name="tilleTest" time="5.587" classname="tests.FbHomePageTest"/>
</testsuite> <!-- tests.FbHomePageTest -->
